[1.694s] Invoking command in '/home/ubuntu/ros2_ws/src/py_pubsub': PYTHONPATH=/home/ubuntu/ros2_ws/src/build/py_pubsub/prefix_override:/usr/lib/python3/dist-packages/colcon_core/task/python/colcon_distutils_commands:/home/ubuntu/ros2_ws/src/install/py_pubsub/lib/python3.10/site-packages:${PYTHONPATH} /usr/bin/python3 -W ignore:setup.py install is deprecated -W ignore:easy_install command is deprecated setup.py egg_info --egg-base ../build/py_pubsub build --build-base /home/ubuntu/ros2_ws/src/build/py_pubsub/build install --record /home/ubuntu/ros2_ws/src/build/py_pubsub/install.log --single-version-externally-managed install_data
[2.327s] running egg_info
[2.328s] creating ../build/py_pubsub/py_pubsub.egg-info
[2.329s] writing ../build/py_pubsub/py_pubsub.egg-info/PKG-INFO
[2.330s] writing dependency_links to ../build/py_pubsub/py_pubsub.egg-info/dependency_links.txt
[2.331s] writing entry points to ../build/py_pubsub/py_pubsub.egg-info/entry_points.txt
[2.331s] writing requirements to ../build/py_pubsub/py_pubsub.egg-info/requires.txt
[2.331s] writing top-level names to ../build/py_pubsub/py_pubsub.egg-info/top_level.txt
[2.331s] writing manifest file '../build/py_pubsub/py_pubsub.egg-info/SOURCES.txt'
[2.334s] reading manifest file '../build/py_pubsub/py_pubsub.egg-info/SOURCES.txt'
[2.334s] adding license file 'LICENSE'
[2.335s] writing manifest file '../build/py_pubsub/py_pubsub.egg-info/SOURCES.txt'
[2.336s] running build
[2.336s] running build_py
[2.336s] creating /home/ubuntu/ros2_ws/src/build/py_pubsub/build
[2.337s] creating /home/ubuntu/ros2_ws/src/build/py_pubsub/build/lib
[2.337s] creating /home/ubuntu/ros2_ws/src/build/py_pubsub/build/lib/py_pubsub
[2.337s] copying py_pubsub/__init__.py -> /home/ubuntu/ros2_ws/src/build/py_pubsub/build/lib/py_pubsub
[2.337s] copying py_pubsub/publisher_member_function.py -> /home/ubuntu/ros2_ws/src/build/py_pubsub/build/lib/py_pubsub
[2.337s] copying py_pubsub/subscriber_member_function.py -> /home/ubuntu/ros2_ws/src/build/py_pubsub/build/lib/py_pubsub
[2.338s] running install
[2.338s] running install_lib
[2.339s] creating /home/ubuntu/ros2_ws/src/install/py_pubsub/lib/python3.10/site-packages/py_pubsub
[2.340s] copying /home/ubuntu/ros2_ws/src/build/py_pubsub/build/lib/py_pubsub/__init__.py -> /home/ubuntu/ros2_ws/src/install/py_pubsub/lib/python3.10/site-packages/py_pubsub
[2.340s] copying /home/ubuntu/ros2_ws/src/build/py_pubsub/build/lib/py_pubsub/publisher_member_function.py -> /home/ubuntu/ros2_ws/src/install/py_pubsub/lib/python3.10/site-packages/py_pubsub
[2.340s] copying /home/ubuntu/ros2_ws/src/build/py_pubsub/build/lib/py_pubsub/subscriber_member_function.py -> /home/ubuntu/ros2_ws/src/install/py_pubsub/lib/python3.10/site-packages/py_pubsub
[2.341s] byte-compiling /home/ubuntu/ros2_ws/src/install/py_pubsub/lib/python3.10/site-packages/py_pubsub/__init__.py to __init__.cpython-310.pyc
[2.342s] byte-compiling /home/ubuntu/ros2_ws/src/install/py_pubsub/lib/python3.10/site-packages/py_pubsub/publisher_member_function.py to publisher_member_function.cpython-310.pyc
[2.343s] byte-compiling /home/ubuntu/ros2_ws/src/install/py_pubsub/lib/python3.10/site-packages/py_pubsub/subscriber_member_function.py to subscriber_member_function.cpython-310.pyc
[2.344s] running install_data
[2.344s] creating /home/ubuntu/ros2_ws/src/install/py_pubsub/share/ament_index
[2.344s] creating /home/ubuntu/ros2_ws/src/install/py_pubsub/share/ament_index/resource_index
[2.345s] creating /home/ubuntu/ros2_ws/src/install/py_pubsub/share/ament_index/resource_index/packages
[2.345s] copying resource/py_pubsub -> /home/ubuntu/ros2_ws/src/install/py_pubsub/share/ament_index/resource_index/packages
[2.345s] copying package.xml -> /home/ubuntu/ros2_ws/src/install/py_pubsub/share/py_pubsub
[2.346s] running install_egg_info
[2.351s] Copying ../build/py_pubsub/py_pubsub.egg-info to /home/ubuntu/ros2_ws/src/install/py_pubsub/lib/python3.10/site-packages/py_pubsub-0.0.0-py3.10.egg-info
[2.354s] running install_scripts
[2.407s] Installing listener script to /home/ubuntu/ros2_ws/src/install/py_pubsub/lib/py_pubsub
[2.407s] Installing talker script to /home/ubuntu/ros2_ws/src/install/py_pubsub/lib/py_pubsub
[2.408s] writing list of installed files to '/home/ubuntu/ros2_ws/src/build/py_pubsub/install.log'
[2.467s] Invoked command in '/home/ubuntu/ros2_ws/src/py_pubsub' returned '0': PYTHONPATH=/home/ubuntu/ros2_ws/src/build/py_pubsub/prefix_override:/usr/lib/python3/dist-packages/colcon_core/task/python/colcon_distutils_commands:/home/ubuntu/ros2_ws/src/install/py_pubsub/lib/python3.10/site-packages:${PYTHONPATH} /usr/bin/python3 -W ignore:setup.py install is deprecated -W ignore:easy_install command is deprecated setup.py egg_info --egg-base ../build/py_pubsub build --build-base /home/ubuntu/ros2_ws/src/build/py_pubsub/build install --record /home/ubuntu/ros2_ws/src/build/py_pubsub/install.log --single-version-externally-managed install_data
