[1.480s] Invoking command in '/home/ubuntu/ros2_ws/src/build/turtlesim': CMAKE_PREFIX_PATH=${CMAKE_PREFIX_PATH}:/home/ubuntu/ros2_ws/src/install/tf2_workshop:/home/ubuntu/ros2_ws/src/install/py_pubsub:/home/ubuntu/ros2_ws/install/py_pubsub:/opt/ros/humble /usr/bin/cmake --build /home/ubuntu/ros2_ws/src/build/turtlesim -- -j16 -l16
[1.642s] [  1%] Built target turtlesim__cpp
[1.654s] [ 11%] Built target turtlesim__rosidl_generator_c
[1.672s] [ 11%] Built target ament_cmake_python_copy_turtlesim
[1.708s] [ 31%] Built target turtlesim__rosidl_typesupport_fastrtps_cpp
[1.708s] [ 31%] Built target turtlesim__rosidl_typesupport_introspection_cpp
[1.715s] [ 41%] Built target turtlesim__rosidl_typesupport_cpp
[1.721s] [ 51%] Built target turtlesim__rosidl_typesupport_c
[1.729s] [ 61%] Built target turtlesim__rosidl_typesupport_introspection_c
[1.740s] [ 71%] Built target turtlesim__rosidl_typesupport_fastrtps_c
[1.785s] [ 71%] Built target turtlesim
[1.787s] [ 73%] Built target mimic
[1.791s] [ 75%] Built target turtle_teleop_key
[1.792s] [ 77%] Built target draw_square
[1.810s] [ 83%] Built target turtlesim_node
[1.844s] [ 84%] Built target turtlesim__py
[1.904s] [ 93%] Built target turtlesim__rosidl_generator_py
[1.964s] [ 95%] Built target turtlesim__rosidl_typesupport_fastrtps_c__pyext
[1.965s] [ 97%] Built target turtlesim__rosidl_typesupport_introspection_c__pyext
[1.969s] [100%] Built target turtlesim__rosidl_typesupport_c__pyext
[2.322s] running egg_info
[2.323s] writing turtlesim.egg-info/PKG-INFO
[2.324s] writing dependency_links to turtlesim.egg-info/dependency_links.txt
[2.324s] writing top-level names to turtlesim.egg-info/top_level.txt
[2.330s] reading manifest file 'turtlesim.egg-info/SOURCES.txt'
[2.332s] writing manifest file 'turtlesim.egg-info/SOURCES.txt'
[2.402s] [100%] Built target ament_cmake_python_build_turtlesim_egg
[2.441s] Invoked command in '/home/ubuntu/ros2_ws/src/build/turtlesim' returned '0': CMAKE_PREFIX_PATH=${CMAKE_PREFIX_PATH}:/home/ubuntu/ros2_ws/src/install/tf2_workshop:/home/ubuntu/ros2_ws/src/install/py_pubsub:/home/ubuntu/ros2_ws/install/py_pubsub:/opt/ros/humble /usr/bin/cmake --build /home/ubuntu/ros2_ws/src/build/turtlesim -- -j16 -l16
[2.472s] Invoking command in '/home/ubuntu/ros2_ws/src/build/turtlesim': CMAKE_PREFIX_PATH=${CMAKE_PREFIX_PATH}:/home/ubuntu/ros2_ws/src/install/tf2_workshop:/home/ubuntu/ros2_ws/src/install/py_pubsub:/home/ubuntu/ros2_ws/install/py_pubsub:/opt/ros/humble /usr/bin/cmake --install /home/ubuntu/ros2_ws/src/build/turtlesim
[2.495s] -- Install configuration: ""
[2.496s] -- Up-to-date: /home/ubuntu/ros2_ws/src/install/turtlesim/share/ament_index/resource_index/rosidl_interfaces/turtlesim
[2.496s] -- Up-to-date: /home/ubuntu/ros2_ws/src/install/turtlesim/include/turtlesim/turtlesim
[2.496s] -- Up-to-date: /home/ubuntu/ros2_ws/src/install/turtlesim/include/turtlesim/turtlesim/action
[2.496s] -- Up-to-date: /home/ubuntu/ros2_ws/src/install/turtlesim/include/turtlesim/turtlesim/action/rotate_absolute.h
[2.497s] -- Up-to-date: /home/ubuntu/ros2_ws/src/install/turtlesim/include/turtlesim/turtlesim/action/detail
[2.497s] -- Up-to-date: /home/ubuntu/ros2_ws/src/install/turtlesim/include/turtlesim/turtlesim/action/detail/rotate_absolute__struct.h
[2.497s] -- Up-to-date: /home/ubuntu/ros2_ws/src/install/turtlesim/include/turtlesim/turtlesim/action/detail/rotate_absolute__type_support.h
[2.497s] -- Up-to-date: /home/ubuntu/ros2_ws/src/install/turtlesim/include/turtlesim/turtlesim/action/detail/rotate_absolute__functions.c
[2.497s] -- Up-to-date: /home/ubuntu/ros2_ws/src/install/turtlesim/include/turtlesim/turtlesim/action/detail/rotate_absolute__functions.h
[2.498s] -- Up-to-date: /home/ubuntu/ros2_ws/src/install/turtlesim/include/turtlesim/turtlesim/msg
[2.498s] -- Up-to-date: /home/ubuntu/ros2_ws/src/install/turtlesim/include/turtlesim/turtlesim/msg/pose.h
[2.498s] -- Up-to-date: /home/ubuntu/ros2_ws/src/install/turtlesim/include/turtlesim/turtlesim/msg/color.h
[2.499s] -- Up-to-date: /home/ubuntu/ros2_ws/src/install/turtlesim/include/turtlesim/turtlesim/msg/rosidl_generator_c__visibility_control.h
[2.499s] -- Up-to-date: /home/ubuntu/ros2_ws/src/install/turtlesim/include/turtlesim/turtlesim/msg/detail
[2.499s] -- Up-to-date: /home/ubuntu/ros2_ws/src/install/turtlesim/include/turtlesim/turtlesim/msg/detail/pose__struct.h
[2.500s] -- Up-to-date: /home/ubuntu/ros2_ws/src/install/turtlesim/include/turtlesim/turtlesim/msg/detail/color__functions.c
[2.500s] -- Up-to-date: /home/ubuntu/ros2_ws/src/install/turtlesim/include/turtlesim/turtlesim/msg/detail/pose__functions.c
[2.500s] -- Up-to-date: /home/ubuntu/ros2_ws/src/install/turtlesim/include/turtlesim/turtlesim/msg/detail/pose__functions.h
[2.500s] -- Up-to-date: /home/ubuntu/ros2_ws/src/install/turtlesim/include/turtlesim/turtlesim/msg/detail/pose__type_support.h
[2.500s] -- Up-to-date: /home/ubuntu/ros2_ws/src/install/turtlesim/include/turtlesim/turtlesim/msg/detail/color__type_support.h
[2.501s] -- Up-to-date: /home/ubuntu/ros2_ws/src/install/turtlesim/include/turtlesim/turtlesim/msg/detail/color__struct.h
[2.501s] -- Up-to-date: /home/ubuntu/ros2_ws/src/install/turtlesim/include/turtlesim/turtlesim/msg/detail/color__functions.h
[2.501s] -- Up-to-date: /home/ubuntu/ros2_ws/src/install/turtlesim/include/turtlesim/turtlesim/srv
[2.501s] -- Up-to-date: /home/ubuntu/ros2_ws/src/install/turtlesim/include/turtlesim/turtlesim/srv/kill.h
[2.501s] -- Up-to-date: /home/ubuntu/ros2_ws/src/install/turtlesim/include/turtlesim/turtlesim/srv/teleport_absolute.h
[2.502s] -- Up-to-date: /home/ubuntu/ros2_ws/src/install/turtlesim/include/turtlesim/turtlesim/srv/set_pen.h
[2.502s] -- Up-to-date: /home/ubuntu/ros2_ws/src/install/turtlesim/include/turtlesim/turtlesim/srv/teleport_relative.h
[2.502s] -- Up-to-date: /home/ubuntu/ros2_ws/src/install/turtlesim/include/turtlesim/turtlesim/srv/detail
[2.502s] -- Up-to-date: /home/ubuntu/ros2_ws/src/install/turtlesim/include/turtlesim/turtlesim/srv/detail/spawn__functions.h
[2.502s] -- Up-to-date: /home/ubuntu/ros2_ws/src/install/turtlesim/include/turtlesim/turtlesim/srv/detail/kill__functions.h
[2.502s] -- Up-to-date: /home/ubuntu/ros2_ws/src/install/turtlesim/include/turtlesim/turtlesim/srv/detail/set_pen__struct.h
[2.502s] -- Up-to-date: /home/ubuntu/ros2_ws/src/install/turtlesim/include/turtlesim/turtlesim/srv/detail/teleport_relative__type_support.h
[2.503s] -- Up-to-date: /home/ubuntu/ros2_ws/src/install/turtlesim/include/turtlesim/turtlesim/srv/detail/kill__struct.h
[2.503s] -- Up-to-date: /home/ubuntu/ros2_ws/src/install/turtlesim/include/turtlesim/turtlesim/srv/detail/teleport_relative__functions.h
[2.503s] -- Up-to-date: /home/ubuntu/ros2_ws/src/install/turtlesim/include/turtlesim/turtlesim/srv/detail/teleport_absolute__functions.h
[2.503s] -- Up-to-date: /home/ubuntu/ros2_ws/src/install/turtlesim/include/turtlesim/turtlesim/srv/detail/teleport_relative__functions.c
[2.503s] -- Up-to-date: /home/ubuntu/ros2_ws/src/install/turtlesim/include/turtlesim/turtlesim/srv/detail/set_pen__functions.c
[2.504s] -- Up-to-date: /home/ubuntu/ros2_ws/src/install/turtlesim/include/turtlesim/turtlesim/srv/detail/teleport_absolute__type_support.h
[2.504s] -- Up-to-date: /home/ubuntu/ros2_ws/src/install/turtlesim/include/turtlesim/turtlesim/srv/detail/set_pen__functions.h
[2.504s] -- Up-to-date: /home/ubuntu/ros2_ws/src/install/turtlesim/include/turtlesim/turtlesim/srv/detail/set_pen__type_support.h
[2.504s] -- Up-to-date: /home/ubuntu/ros2_ws/src/install/turtlesim/include/turtlesim/turtlesim/srv/detail/spawn__struct.h
[2.504s] -- Up-to-date: /home/ubuntu/ros2_ws/src/install/turtlesim/include/turtlesim/turtlesim/srv/detail/teleport_absolute__functions.c
[2.504s] -- Up-to-date: /home/ubuntu/ros2_ws/src/install/turtlesim/include/turtlesim/turtlesim/srv/detail/teleport_absolute__struct.h
[2.505s] -- Up-to-date: /home/ubuntu/ros2_ws/src/install/turtlesim/include/turtlesim/turtlesim/srv/detail/teleport_relative__struct.h
[2.505s] -- Up-to-date: /home/ubuntu/ros2_ws/src/install/turtlesim/include/turtlesim/turtlesim/srv/detail/spawn__functions.c
[2.505s] -- Up-to-date: /home/ubuntu/ros2_ws/src/install/turtlesim/include/turtlesim/turtlesim/srv/detail/kill__type_support.h
[2.505s] -- Up-to-date: /home/ubuntu/ros2_ws/src/install/turtlesim/include/turtlesim/turtlesim/srv/detail/kill__functions.c
[2.505s] -- Up-to-date: /home/ubuntu/ros2_ws/src/install/turtlesim/include/turtlesim/turtlesim/srv/detail/spawn__type_support.h
[2.505s] -- Up-to-date: /home/ubuntu/ros2_ws/src/install/turtlesim/include/turtlesim/turtlesim/srv/spawn.h
[2.506s] -- Up-to-date: /home/ubuntu/ros2_ws/src/install/turtlesim/share/turtlesim/environment/library_path.sh
[2.506s] -- Up-to-date: /home/ubuntu/ros2_ws/src/install/turtlesim/share/turtlesim/environment/library_path.dsv
[2.506s] -- Up-to-date: /home/ubuntu/ros2_ws/src/install/turtlesim/lib/libturtlesim__rosidl_generator_c.so
[2.506s] -- Up-to-date: /home/ubuntu/ros2_ws/src/install/turtlesim/include/turtlesim/turtlesim
[2.506s] -- Up-to-date: /home/ubuntu/ros2_ws/src/install/turtlesim/include/turtlesim/turtlesim/action
[2.507s] -- Up-to-date: /home/ubuntu/ros2_ws/src/install/turtlesim/include/turtlesim/turtlesim/action/detail
[2.507s] -- Up-to-date: /home/ubuntu/ros2_ws/src/install/turtlesim/include/turtlesim/turtlesim/action/detail/rotate_absolute__rosidl_typesupport_fastrtps_c.h
[2.507s] -- Up-to-date: /home/ubuntu/ros2_ws/src/install/turtlesim/include/turtlesim/turtlesim/msg
[2.507s] -- Up-to-date: /home/ubuntu/ros2_ws/src/install/turtlesim/include/turtlesim/turtlesim/msg/detail
[2.508s] -- Up-to-date: /home/ubuntu/ros2_ws/src/install/turtlesim/include/turtlesim/turtlesim/msg/detail/pose__rosidl_typesupport_fastrtps_c.h
[2.508s] -- Up-to-date: /home/ubuntu/ros2_ws/src/install/turtlesim/include/turtlesim/turtlesim/msg/detail/color__rosidl_typesupport_fastrtps_c.h
[2.508s] -- Up-to-date: /home/ubuntu/ros2_ws/src/install/turtlesim/include/turtlesim/turtlesim/msg/rosidl_typesupport_fastrtps_c__visibility_control.h
[2.508s] -- Up-to-date: /home/ubuntu/ros2_ws/src/install/turtlesim/include/turtlesim/turtlesim/srv
[2.509s] -- Up-to-date: /home/ubuntu/ros2_ws/src/install/turtlesim/include/turtlesim/turtlesim/srv/detail
[2.509s] -- Up-to-date: /home/ubuntu/ros2_ws/src/install/turtlesim/include/turtlesim/turtlesim/srv/detail/teleport_relative__rosidl_typesupport_fastrtps_c.h
[2.509s] -- Up-to-date: /home/ubuntu/ros2_ws/src/install/turtlesim/include/turtlesim/turtlesim/srv/detail/kill__rosidl_typesupport_fastrtps_c.h
[2.509s] -- Up-to-date: /home/ubuntu/ros2_ws/src/install/turtlesim/include/turtlesim/turtlesim/srv/detail/set_pen__rosidl_typesupport_fastrtps_c.h
[2.509s] -- Up-to-date: /home/ubuntu/ros2_ws/src/install/turtlesim/include/turtlesim/turtlesim/srv/detail/spawn__rosidl_typesupport_fastrtps_c.h
[2.510s] -- Up-to-date: /home/ubuntu/ros2_ws/src/install/turtlesim/include/turtlesim/turtlesim/srv/detail/teleport_absolute__rosidl_typesupport_fastrtps_c.h
[2.510s] -- Up-to-date: /home/ubuntu/ros2_ws/src/install/turtlesim/lib/libturtlesim__rosidl_typesupport_fastrtps_c.so
[2.510s] -- Up-to-date: /home/ubuntu/ros2_ws/src/install/turtlesim/include/turtlesim/turtlesim
[2.510s] -- Up-to-date: /home/ubuntu/ros2_ws/src/install/turtlesim/include/turtlesim/turtlesim/action
[2.510s] -- Up-to-date: /home/ubuntu/ros2_ws/src/install/turtlesim/include/turtlesim/turtlesim/action/rotate_absolute.hpp
[2.511s] -- Up-to-date: /home/ubuntu/ros2_ws/src/install/turtlesim/include/turtlesim/turtlesim/action/detail
[2.511s] -- Up-to-date: /home/ubuntu/ros2_ws/src/install/turtlesim/include/turtlesim/turtlesim/action/detail/rotate_absolute__struct.hpp
[2.511s] -- Up-to-date: /home/ubuntu/ros2_ws/src/install/turtlesim/include/turtlesim/turtlesim/action/detail/rotate_absolute__traits.hpp
[2.511s] -- Up-to-date: /home/ubuntu/ros2_ws/src/install/turtlesim/include/turtlesim/turtlesim/action/detail/rotate_absolute__builder.hpp
[2.511s] -- Up-to-date: /home/ubuntu/ros2_ws/src/install/turtlesim/include/turtlesim/turtlesim/action/detail/rotate_absolute__type_support.hpp
[2.512s] -- Up-to-date: /home/ubuntu/ros2_ws/src/install/turtlesim/include/turtlesim/turtlesim/msg
[2.512s] -- Up-to-date: /home/ubuntu/ros2_ws/src/install/turtlesim/include/turtlesim/turtlesim/msg/color.hpp
[2.512s] -- Up-to-date: /home/ubuntu/ros2_ws/src/install/turtlesim/include/turtlesim/turtlesim/msg/pose.hpp
[2.512s] -- Up-to-date: /home/ubuntu/ros2_ws/src/install/turtlesim/include/turtlesim/turtlesim/msg/rosidl_generator_cpp__visibility_control.hpp
[2.512s] -- Up-to-date: /home/ubuntu/ros2_ws/src/install/turtlesim/include/turtlesim/turtlesim/msg/detail
[2.513s] -- Up-to-date: /home/ubuntu/ros2_ws/src/install/turtlesim/include/turtlesim/turtlesim/msg/detail/color__struct.hpp
[2.513s] -- Up-to-date: /home/ubuntu/ros2_ws/src/install/turtlesim/include/turtlesim/turtlesim/msg/detail/pose__builder.hpp
[2.513s] -- Up-to-date: /home/ubuntu/ros2_ws/src/install/turtlesim/include/turtlesim/turtlesim/msg/detail/pose__traits.hpp
[2.513s] -- Up-to-date: /home/ubuntu/ros2_ws/src/install/turtlesim/include/turtlesim/turtlesim/msg/detail/color__traits.hpp
[2.513s] -- Up-to-date: /home/ubuntu/ros2_ws/src/install/turtlesim/include/turtlesim/turtlesim/msg/detail/pose__type_support.hpp
[2.513s] -- Up-to-date: /home/ubuntu/ros2_ws/src/install/turtlesim/include/turtlesim/turtlesim/msg/detail/color__type_support.hpp
[2.514s] -- Up-to-date: /home/ubuntu/ros2_ws/src/install/turtlesim/include/turtlesim/turtlesim/msg/detail/color__builder.hpp
[2.514s] -- Up-to-date: /home/ubuntu/ros2_ws/src/install/turtlesim/include/turtlesim/turtlesim/msg/detail/pose__struct.hpp
[2.514s] -- Up-to-date: /home/ubuntu/ros2_ws/src/install/turtlesim/include/turtlesim/turtlesim/srv
[2.514s] -- Up-to-date: /home/ubuntu/ros2_ws/src/install/turtlesim/include/turtlesim/turtlesim/srv/set_pen.hpp
[2.514s] -- Up-to-date: /home/ubuntu/ros2_ws/src/install/turtlesim/include/turtlesim/turtlesim/srv/teleport_absolute.hpp
[2.514s] -- Up-to-date: /home/ubuntu/ros2_ws/src/install/turtlesim/include/turtlesim/turtlesim/srv/detail
[2.515s] -- Up-to-date: /home/ubuntu/ros2_ws/src/install/turtlesim/include/turtlesim/turtlesim/srv/detail/kill__traits.hpp
[2.515s] -- Up-to-date: /home/ubuntu/ros2_ws/src/install/turtlesim/include/turtlesim/turtlesim/srv/detail/teleport_absolute__builder.hpp
[2.515s] -- Up-to-date: /home/ubuntu/ros2_ws/src/install/turtlesim/include/turtlesim/turtlesim/srv/detail/teleport_absolute__struct.hpp
[2.515s] -- Up-to-date: /home/ubuntu/ros2_ws/src/install/turtlesim/include/turtlesim/turtlesim/srv/detail/spawn__builder.hpp
[2.515s] -- Up-to-date: /home/ubuntu/ros2_ws/src/install/turtlesim/include/turtlesim/turtlesim/srv/detail/set_pen__struct.hpp
[2.515s] -- Up-to-date: /home/ubuntu/ros2_ws/src/install/turtlesim/include/turtlesim/turtlesim/srv/detail/set_pen__traits.hpp
[2.515s] -- Up-to-date: /home/ubuntu/ros2_ws/src/install/turtlesim/include/turtlesim/turtlesim/srv/detail/teleport_relative__traits.hpp
[2.516s] -- Up-to-date: /home/ubuntu/ros2_ws/src/install/turtlesim/include/turtlesim/turtlesim/srv/detail/teleport_relative__builder.hpp
[2.516s] -- Up-to-date: /home/ubuntu/ros2_ws/src/install/turtlesim/include/turtlesim/turtlesim/srv/detail/spawn__type_support.hpp
[2.516s] -- Up-to-date: /home/ubuntu/ros2_ws/src/install/turtlesim/include/turtlesim/turtlesim/srv/detail/teleport_relative__struct.hpp
[2.516s] -- Up-to-date: /home/ubuntu/ros2_ws/src/install/turtlesim/include/turtlesim/turtlesim/srv/detail/kill__builder.hpp
[2.516s] -- Up-to-date: /home/ubuntu/ros2_ws/src/install/turtlesim/include/turtlesim/turtlesim/srv/detail/spawn__traits.hpp
[2.516s] -- Up-to-date: /home/ubuntu/ros2_ws/src/install/turtlesim/include/turtlesim/turtlesim/srv/detail/teleport_absolute__traits.hpp
[2.517s] -- Up-to-date: /home/ubuntu/ros2_ws/src/install/turtlesim/include/turtlesim/turtlesim/srv/detail/kill__type_support.hpp
[2.517s] -- Up-to-date: /home/ubuntu/ros2_ws/src/install/turtlesim/include/turtlesim/turtlesim/srv/detail/teleport_relative__type_support.hpp
[2.517s] -- Up-to-date: /home/ubuntu/ros2_ws/src/install/turtlesim/include/turtlesim/turtlesim/srv/detail/kill__struct.hpp
[2.517s] -- Up-to-date: /home/ubuntu/ros2_ws/src/install/turtlesim/include/turtlesim/turtlesim/srv/detail/spawn__struct.hpp
[2.517s] -- Up-to-date: /home/ubuntu/ros2_ws/src/install/turtlesim/include/turtlesim/turtlesim/srv/detail/set_pen__builder.hpp
[2.518s] -- Up-to-date: /home/ubuntu/ros2_ws/src/install/turtlesim/include/turtlesim/turtlesim/srv/detail/set_pen__type_support.hpp
[2.518s] -- Up-to-date: /home/ubuntu/ros2_ws/src/install/turtlesim/include/turtlesim/turtlesim/srv/detail/teleport_absolute__type_support.hpp
[2.518s] -- Up-to-date: /home/ubuntu/ros2_ws/src/install/turtlesim/include/turtlesim/turtlesim/srv/spawn.hpp
[2.518s] -- Up-to-date: /home/ubuntu/ros2_ws/src/install/turtlesim/include/turtlesim/turtlesim/srv/kill.hpp
[2.518s] -- Up-to-date: /home/ubuntu/ros2_ws/src/install/turtlesim/include/turtlesim/turtlesim/srv/teleport_relative.hpp
[2.518s] -- Up-to-date: /home/ubuntu/ros2_ws/src/install/turtlesim/include/turtlesim/turtlesim
[2.518s] -- Up-to-date: /home/ubuntu/ros2_ws/src/install/turtlesim/include/turtlesim/turtlesim/action
[2.519s] -- Up-to-date: /home/ubuntu/ros2_ws/src/install/turtlesim/include/turtlesim/turtlesim/action/detail
[2.519s] -- Up-to-date: /home/ubuntu/ros2_ws/src/install/turtlesim/include/turtlesim/turtlesim/action/detail/dds_fastrtps
[2.519s] -- Up-to-date: /home/ubuntu/ros2_ws/src/install/turtlesim/include/turtlesim/turtlesim/action/detail/rotate_absolute__rosidl_typesupport_fastrtps_cpp.hpp
[2.519s] -- Up-to-date: /home/ubuntu/ros2_ws/src/install/turtlesim/include/turtlesim/turtlesim/msg
[2.519s] -- Up-to-date: /home/ubuntu/ros2_ws/src/install/turtlesim/include/turtlesim/turtlesim/msg/rosidl_typesupport_fastrtps_cpp__visibility_control.h
[2.519s] -- Up-to-date: /home/ubuntu/ros2_ws/src/install/turtlesim/include/turtlesim/turtlesim/msg/detail
[2.519s] -- Up-to-date: /home/ubuntu/ros2_ws/src/install/turtlesim/include/turtlesim/turtlesim/msg/detail/dds_fastrtps
[2.520s] -- Up-to-date: /home/ubuntu/ros2_ws/src/install/turtlesim/include/turtlesim/turtlesim/msg/detail/color__rosidl_typesupport_fastrtps_cpp.hpp
[2.520s] -- Up-to-date: /home/ubuntu/ros2_ws/src/install/turtlesim/include/turtlesim/turtlesim/msg/detail/pose__rosidl_typesupport_fastrtps_cpp.hpp
[2.520s] -- Up-to-date: /home/ubuntu/ros2_ws/src/install/turtlesim/include/turtlesim/turtlesim/srv
[2.520s] -- Up-to-date: /home/ubuntu/ros2_ws/src/install/turtlesim/include/turtlesim/turtlesim/srv/detail
[2.520s] -- Up-to-date: /home/ubuntu/ros2_ws/src/install/turtlesim/include/turtlesim/turtlesim/srv/detail/dds_fastrtps
[2.520s] -- Up-to-date: /home/ubuntu/ros2_ws/src/install/turtlesim/include/turtlesim/turtlesim/srv/detail/teleport_relative__rosidl_typesupport_fastrtps_cpp.hpp
[2.521s] -- Up-to-date: /home/ubuntu/ros2_ws/src/install/turtlesim/include/turtlesim/turtlesim/srv/detail/set_pen__rosidl_typesupport_fastrtps_cpp.hpp
[2.521s] -- Up-to-date: /home/ubuntu/ros2_ws/src/install/turtlesim/include/turtlesim/turtlesim/srv/detail/kill__rosidl_typesupport_fastrtps_cpp.hpp
[2.521s] -- Up-to-date: /home/ubuntu/ros2_ws/src/install/turtlesim/include/turtlesim/turtlesim/srv/detail/teleport_absolute__rosidl_typesupport_fastrtps_cpp.hpp
[2.521s] -- Up-to-date: /home/ubuntu/ros2_ws/src/install/turtlesim/include/turtlesim/turtlesim/srv/detail/spawn__rosidl_typesupport_fastrtps_cpp.hpp
[2.521s] -- Up-to-date: /home/ubuntu/ros2_ws/src/install/turtlesim/lib/libturtlesim__rosidl_typesupport_fastrtps_cpp.so
[2.521s] -- Up-to-date: /home/ubuntu/ros2_ws/src/install/turtlesim/include/turtlesim/turtlesim
[2.522s] -- Up-to-date: /home/ubuntu/ros2_ws/src/install/turtlesim/include/turtlesim/turtlesim/action
[2.522s] -- Up-to-date: /home/ubuntu/ros2_ws/src/install/turtlesim/include/turtlesim/turtlesim/action/detail
[2.522s] -- Up-to-date: /home/ubuntu/ros2_ws/src/install/turtlesim/include/turtlesim/turtlesim/action/detail/rotate_absolute__rosidl_typesupport_introspection_c.h
[2.522s] -- Up-to-date: /home/ubuntu/ros2_ws/src/install/turtlesim/include/turtlesim/turtlesim/action/detail/rotate_absolute__type_support.c
[2.522s] -- Up-to-date: /home/ubuntu/ros2_ws/src/install/turtlesim/include/turtlesim/turtlesim/msg
[2.522s] -- Up-to-date: /home/ubuntu/ros2_ws/src/install/turtlesim/include/turtlesim/turtlesim/msg/rosidl_typesupport_introspection_c__visibility_control.h
[2.523s] -- Up-to-date: /home/ubuntu/ros2_ws/src/install/turtlesim/include/turtlesim/turtlesim/msg/detail
[2.523s] -- Up-to-date: /home/ubuntu/ros2_ws/src/install/turtlesim/include/turtlesim/turtlesim/msg/detail/color__type_support.c
[2.523s] -- Up-to-date: /home/ubuntu/ros2_ws/src/install/turtlesim/include/turtlesim/turtlesim/msg/detail/pose__type_support.c
[2.523s] -- Up-to-date: /home/ubuntu/ros2_ws/src/install/turtlesim/include/turtlesim/turtlesim/msg/detail/pose__rosidl_typesupport_introspection_c.h
[2.523s] -- Up-to-date: /home/ubuntu/ros2_ws/src/install/turtlesim/include/turtlesim/turtlesim/msg/detail/color__rosidl_typesupport_introspection_c.h
[2.523s] -- Up-to-date: /home/ubuntu/ros2_ws/src/install/turtlesim/include/turtlesim/turtlesim/srv
[2.524s] -- Up-to-date: /home/ubuntu/ros2_ws/src/install/turtlesim/include/turtlesim/turtlesim/srv/detail
[2.524s] -- Up-to-date: /home/ubuntu/ros2_ws/src/install/turtlesim/include/turtlesim/turtlesim/srv/detail/kill__type_support.c
[2.524s] -- Up-to-date: /home/ubuntu/ros2_ws/src/install/turtlesim/include/turtlesim/turtlesim/srv/detail/teleport_relative__rosidl_typesupport_introspection_c.h
[2.524s] -- Up-to-date: /home/ubuntu/ros2_ws/src/install/turtlesim/include/turtlesim/turtlesim/srv/detail/spawn__rosidl_typesupport_introspection_c.h
[2.524s] -- Up-to-date: /home/ubuntu/ros2_ws/src/install/turtlesim/include/turtlesim/turtlesim/srv/detail/spawn__type_support.c
[2.525s] -- Up-to-date: /home/ubuntu/ros2_ws/src/install/turtlesim/include/turtlesim/turtlesim/srv/detail/kill__rosidl_typesupport_introspection_c.h
[2.525s] -- Up-to-date: /home/ubuntu/ros2_ws/src/install/turtlesim/include/turtlesim/turtlesim/srv/detail/set_pen__rosidl_typesupport_introspection_c.h
[2.525s] -- Up-to-date: /home/ubuntu/ros2_ws/src/install/turtlesim/include/turtlesim/turtlesim/srv/detail/teleport_absolute__rosidl_typesupport_introspection_c.h
[2.525s] -- Up-to-date: /home/ubuntu/ros2_ws/src/install/turtlesim/include/turtlesim/turtlesim/srv/detail/teleport_absolute__type_support.c
[2.526s] -- Up-to-date: /home/ubuntu/ros2_ws/src/install/turtlesim/include/turtlesim/turtlesim/srv/detail/set_pen__type_support.c
[2.526s] -- Up-to-date: /home/ubuntu/ros2_ws/src/install/turtlesim/include/turtlesim/turtlesim/srv/detail/teleport_relative__type_support.c
[2.526s] -- Up-to-date: /home/ubuntu/ros2_ws/src/install/turtlesim/lib/libturtlesim__rosidl_typesupport_introspection_c.so
[2.526s] -- Up-to-date: /home/ubuntu/ros2_ws/src/install/turtlesim/lib/libturtlesim__rosidl_typesupport_c.so
[2.526s] -- Up-to-date: /home/ubuntu/ros2_ws/src/install/turtlesim/include/turtlesim/turtlesim
[2.526s] -- Up-to-date: /home/ubuntu/ros2_ws/src/install/turtlesim/include/turtlesim/turtlesim/action
[2.527s] -- Up-to-date: /home/ubuntu/ros2_ws/src/install/turtlesim/include/turtlesim/turtlesim/action/detail
[2.527s] -- Up-to-date: /home/ubuntu/ros2_ws/src/install/turtlesim/include/turtlesim/turtlesim/action/detail/rotate_absolute__rosidl_typesupport_introspection_cpp.hpp
[2.527s] -- Up-to-date: /home/ubuntu/ros2_ws/src/install/turtlesim/include/turtlesim/turtlesim/action/detail/rotate_absolute__type_support.cpp
[2.527s] -- Up-to-date: /home/ubuntu/ros2_ws/src/install/turtlesim/include/turtlesim/turtlesim/msg
[2.527s] -- Up-to-date: /home/ubuntu/ros2_ws/src/install/turtlesim/include/turtlesim/turtlesim/msg/detail
[2.527s] -- Up-to-date: /home/ubuntu/ros2_ws/src/install/turtlesim/include/turtlesim/turtlesim/msg/detail/pose__rosidl_typesupport_introspection_cpp.hpp
[2.528s] -- Up-to-date: /home/ubuntu/ros2_ws/src/install/turtlesim/include/turtlesim/turtlesim/msg/detail/color__type_support.cpp
[2.528s] -- Up-to-date: /home/ubuntu/ros2_ws/src/install/turtlesim/include/turtlesim/turtlesim/msg/detail/pose__type_support.cpp
[2.528s] -- Up-to-date: /home/ubuntu/ros2_ws/src/install/turtlesim/include/turtlesim/turtlesim/msg/detail/color__rosidl_typesupport_introspection_cpp.hpp
[2.528s] -- Up-to-date: /home/ubuntu/ros2_ws/src/install/turtlesim/include/turtlesim/turtlesim/srv
[2.528s] -- Up-to-date: /home/ubuntu/ros2_ws/src/install/turtlesim/include/turtlesim/turtlesim/srv/detail
[2.528s] -- Up-to-date: /home/ubuntu/ros2_ws/src/install/turtlesim/include/turtlesim/turtlesim/srv/detail/set_pen__type_support.cpp
[2.528s] -- Up-to-date: /home/ubuntu/ros2_ws/src/install/turtlesim/include/turtlesim/turtlesim/srv/detail/spawn__rosidl_typesupport_introspection_cpp.hpp
[2.529s] -- Up-to-date: /home/ubuntu/ros2_ws/src/install/turtlesim/include/turtlesim/turtlesim/srv/detail/spawn__type_support.cpp
[2.529s] -- Up-to-date: /home/ubuntu/ros2_ws/src/install/turtlesim/include/turtlesim/turtlesim/srv/detail/set_pen__rosidl_typesupport_introspection_cpp.hpp
[2.529s] -- Up-to-date: /home/ubuntu/ros2_ws/src/install/turtlesim/include/turtlesim/turtlesim/srv/detail/teleport_relative__type_support.cpp
[2.529s] -- Up-to-date: /home/ubuntu/ros2_ws/src/install/turtlesim/include/turtlesim/turtlesim/srv/detail/teleport_absolute__type_support.cpp
[2.529s] -- Up-to-date: /home/ubuntu/ros2_ws/src/install/turtlesim/include/turtlesim/turtlesim/srv/detail/teleport_relative__rosidl_typesupport_introspection_cpp.hpp
[2.530s] -- Up-to-date: /home/ubuntu/ros2_ws/src/install/turtlesim/include/turtlesim/turtlesim/srv/detail/kill__type_support.cpp
[2.530s] -- Up-to-date: /home/ubuntu/ros2_ws/src/install/turtlesim/include/turtlesim/turtlesim/srv/detail/teleport_absolute__rosidl_typesupport_introspection_cpp.hpp
[2.530s] -- Up-to-date: /home/ubuntu/ros2_ws/src/install/turtlesim/include/turtlesim/turtlesim/srv/detail/kill__rosidl_typesupport_introspection_cpp.hpp
[2.530s] -- Up-to-date: /home/ubuntu/ros2_ws/src/install/turtlesim/lib/libturtlesim__rosidl_typesupport_introspection_cpp.so
[2.530s] -- Up-to-date: /home/ubuntu/ros2_ws/src/install/turtlesim/lib/libturtlesim__rosidl_typesupport_cpp.so
[2.531s] -- Up-to-date: /home/ubuntu/ros2_ws/src/install/turtlesim/share/turtlesim/environment/pythonpath.sh
[2.531s] -- Up-to-date: /home/ubuntu/ros2_ws/src/install/turtlesim/share/turtlesim/environment/pythonpath.dsv
[2.531s] -- Up-to-date: /home/ubuntu/ros2_ws/src/install/turtlesim/local/lib/python3.10/dist-packages/turtlesim-1.4.2-py3.10.egg-info
[2.531s] -- Installing: /home/ubuntu/ros2_ws/src/install/turtlesim/local/lib/python3.10/dist-packages/turtlesim-1.4.2-py3.10.egg-info/PKG-INFO
[2.531s] -- Installing: /home/ubuntu/ros2_ws/src/install/turtlesim/local/lib/python3.10/dist-packages/turtlesim-1.4.2-py3.10.egg-info/top_level.txt
[2.531s] -- Installing: /home/ubuntu/ros2_ws/src/install/turtlesim/local/lib/python3.10/dist-packages/turtlesim-1.4.2-py3.10.egg-info/dependency_links.txt
[2.532s] -- Installing: /home/ubuntu/ros2_ws/src/install/turtlesim/local/lib/python3.10/dist-packages/turtlesim-1.4.2-py3.10.egg-info/SOURCES.txt
[2.532s] -- Up-to-date: /home/ubuntu/ros2_ws/src/install/turtlesim/local/lib/python3.10/dist-packages/turtlesim
[2.532s] -- Up-to-date: /home/ubuntu/ros2_ws/src/install/turtlesim/local/lib/python3.10/dist-packages/turtlesim/turtlesim_s__rosidl_typesupport_fastrtps_c.cpython-310-x86_64-linux-gnu.so
[2.532s] -- Up-to-date: /home/ubuntu/ros2_ws/src/install/turtlesim/local/lib/python3.10/dist-packages/turtlesim/action
[2.532s] -- Up-to-date: /home/ubuntu/ros2_ws/src/install/turtlesim/local/lib/python3.10/dist-packages/turtlesim/action/__init__.py
[2.532s] -- Up-to-date: /home/ubuntu/ros2_ws/src/install/turtlesim/local/lib/python3.10/dist-packages/turtlesim/action/_rotate_absolute.py
[2.533s] -- Up-to-date: /home/ubuntu/ros2_ws/src/install/turtlesim/local/lib/python3.10/dist-packages/turtlesim/action/_rotate_absolute_s.c
[2.533s] -- Up-to-date: /home/ubuntu/ros2_ws/src/install/turtlesim/local/lib/python3.10/dist-packages/turtlesim/libturtlesim__rosidl_generator_py.so
[2.533s] -- Up-to-date: /home/ubuntu/ros2_ws/src/install/turtlesim/local/lib/python3.10/dist-packages/turtlesim/turtlesim_s__rosidl_typesupport_introspection_c.cpython-310-x86_64-linux-gnu.so
[2.533s] -- Up-to-date: /home/ubuntu/ros2_ws/src/install/turtlesim/local/lib/python3.10/dist-packages/turtlesim/_turtlesim_s.ep.rosidl_typesupport_introspection_c.c
[2.533s] -- Up-to-date: /home/ubuntu/ros2_ws/src/install/turtlesim/local/lib/python3.10/dist-packages/turtlesim/_turtlesim_s.ep.rosidl_typesupport_fastrtps_c.c
[2.533s] -- Up-to-date: /home/ubuntu/ros2_ws/src/install/turtlesim/local/lib/python3.10/dist-packages/turtlesim/__init__.py
[2.533s] -- Up-to-date: /home/ubuntu/ros2_ws/src/install/turtlesim/local/lib/python3.10/dist-packages/turtlesim/_turtlesim_s.ep.rosidl_typesupport_c.c
[2.534s] -- Up-to-date: /home/ubuntu/ros2_ws/src/install/turtlesim/local/lib/python3.10/dist-packages/turtlesim/turtlesim_s__rosidl_typesupport_c.cpython-310-x86_64-linux-gnu.so
[2.534s] -- Up-to-date: /home/ubuntu/ros2_ws/src/install/turtlesim/local/lib/python3.10/dist-packages/turtlesim/msg
[2.534s] -- Up-to-date: /home/ubuntu/ros2_ws/src/install/turtlesim/local/lib/python3.10/dist-packages/turtlesim/msg/_color_s.c
[2.534s] -- Up-to-date: /home/ubuntu/ros2_ws/src/install/turtlesim/local/lib/python3.10/dist-packages/turtlesim/msg/_pose_s.c
[2.534s] -- Up-to-date: /home/ubuntu/ros2_ws/src/install/turtlesim/local/lib/python3.10/dist-packages/turtlesim/msg/__init__.py
[2.534s] -- Up-to-date: /home/ubuntu/ros2_ws/src/install/turtlesim/local/lib/python3.10/dist-packages/turtlesim/msg/_color.py
[2.534s] -- Up-to-date: /home/ubuntu/ros2_ws/src/install/turtlesim/local/lib/python3.10/dist-packages/turtlesim/msg/_pose.py
[2.534s] -- Up-to-date: /home/ubuntu/ros2_ws/src/install/turtlesim/local/lib/python3.10/dist-packages/turtlesim/srv
[2.535s] -- Up-to-date: /home/ubuntu/ros2_ws/src/install/turtlesim/local/lib/python3.10/dist-packages/turtlesim/srv/_kill_s.c
[2.535s] -- Up-to-date: /home/ubuntu/ros2_ws/src/install/turtlesim/local/lib/python3.10/dist-packages/turtlesim/srv/_spawn.py
[2.535s] -- Up-to-date: /home/ubuntu/ros2_ws/src/install/turtlesim/local/lib/python3.10/dist-packages/turtlesim/srv/_teleport_absolute_s.c
[2.535s] -- Up-to-date: /home/ubuntu/ros2_ws/src/install/turtlesim/local/lib/python3.10/dist-packages/turtlesim/srv/_set_pen_s.c
[2.535s] -- Up-to-date: /home/ubuntu/ros2_ws/src/install/turtlesim/local/lib/python3.10/dist-packages/turtlesim/srv/_set_pen.py
[2.535s] -- Up-to-date: /home/ubuntu/ros2_ws/src/install/turtlesim/local/lib/python3.10/dist-packages/turtlesim/srv/__init__.py
[2.535s] -- Up-to-date: /home/ubuntu/ros2_ws/src/install/turtlesim/local/lib/python3.10/dist-packages/turtlesim/srv/_teleport_relative.py
[2.536s] -- Up-to-date: /home/ubuntu/ros2_ws/src/install/turtlesim/local/lib/python3.10/dist-packages/turtlesim/srv/_teleport_relative_s.c
[2.536s] -- Up-to-date: /home/ubuntu/ros2_ws/src/install/turtlesim/local/lib/python3.10/dist-packages/turtlesim/srv/_teleport_absolute.py
[2.536s] -- Up-to-date: /home/ubuntu/ros2_ws/src/install/turtlesim/local/lib/python3.10/dist-packages/turtlesim/srv/_kill.py
[2.536s] -- Up-to-date: /home/ubuntu/ros2_ws/src/install/turtlesim/local/lib/python3.10/dist-packages/turtlesim/srv/_spawn_s.c
[2.623s] Listing '/home/ubuntu/ros2_ws/src/install/turtlesim/local/lib/python3.10/dist-packages/turtlesim'...
[2.624s] Listing '/home/ubuntu/ros2_ws/src/install/turtlesim/local/lib/python3.10/dist-packages/turtlesim/action'...
[2.624s] Listing '/home/ubuntu/ros2_ws/src/install/turtlesim/local/lib/python3.10/dist-packages/turtlesim/msg'...
[2.624s] Listing '/home/ubuntu/ros2_ws/src/install/turtlesim/local/lib/python3.10/dist-packages/turtlesim/srv'...
[2.635s] -- Up-to-date: /home/ubuntu/ros2_ws/src/install/turtlesim/local/lib/python3.10/dist-packages/turtlesim/turtlesim_s__rosidl_typesupport_fastrtps_c.cpython-310-x86_64-linux-gnu.so
[2.636s] -- Up-to-date: /home/ubuntu/ros2_ws/src/install/turtlesim/local/lib/python3.10/dist-packages/turtlesim/turtlesim_s__rosidl_typesupport_introspection_c.cpython-310-x86_64-linux-gnu.so
[2.637s] -- Up-to-date: /home/ubuntu/ros2_ws/src/install/turtlesim/local/lib/python3.10/dist-packages/turtlesim/turtlesim_s__rosidl_typesupport_c.cpython-310-x86_64-linux-gnu.so
[2.643s] -- Up-to-date: /home/ubuntu/ros2_ws/src/install/turtlesim/lib/libturtlesim__rosidl_generator_py.so
[2.643s] -- Up-to-date: /home/ubuntu/ros2_ws/src/install/turtlesim/share/turtlesim/action/RotateAbsolute.idl
[2.643s] -- Up-to-date: /home/ubuntu/ros2_ws/src/install/turtlesim/share/turtlesim/msg/Color.idl
[2.644s] -- Up-to-date: /home/ubuntu/ros2_ws/src/install/turtlesim/share/turtlesim/msg/Pose.idl
[2.644s] -- Up-to-date: /home/ubuntu/ros2_ws/src/install/turtlesim/share/turtlesim/srv/Kill.idl
[2.644s] -- Up-to-date: /home/ubuntu/ros2_ws/src/install/turtlesim/share/turtlesim/srv/SetPen.idl
[2.644s] -- Up-to-date: /home/ubuntu/ros2_ws/src/install/turtlesim/share/turtlesim/srv/Spawn.idl
[2.645s] -- Up-to-date: /home/ubuntu/ros2_ws/src/install/turtlesim/share/turtlesim/srv/TeleportAbsolute.idl
[2.646s] -- Up-to-date: /home/ubuntu/ros2_ws/src/install/turtlesim/share/turtlesim/srv/TeleportRelative.idl
[2.646s] -- Up-to-date: /home/ubuntu/ros2_ws/src/install/turtlesim/share/turtlesim/action/RotateAbsolute.action
[2.647s] -- Up-to-date: /home/ubuntu/ros2_ws/src/install/turtlesim/share/turtlesim/msg/Color.msg
[2.647s] -- Up-to-date: /home/ubuntu/ros2_ws/src/install/turtlesim/share/turtlesim/msg/Pose.msg
[2.648s] -- Up-to-date: /home/ubuntu/ros2_ws/src/install/turtlesim/share/turtlesim/srv/Kill.srv
[2.648s] -- Up-to-date: /home/ubuntu/ros2_ws/src/install/turtlesim/share/turtlesim/srv/Kill_Request.msg
[2.649s] -- Up-to-date: /home/ubuntu/ros2_ws/src/install/turtlesim/share/turtlesim/srv/Kill_Response.msg
[2.650s] -- Up-to-date: /home/ubuntu/ros2_ws/src/install/turtlesim/share/turtlesim/srv/SetPen.srv
[2.650s] -- Up-to-date: /home/ubuntu/ros2_ws/src/install/turtlesim/share/turtlesim/srv/SetPen_Request.msg
[2.650s] -- Up-to-date: /home/ubuntu/ros2_ws/src/install/turtlesim/share/turtlesim/srv/SetPen_Response.msg
[2.651s] -- Up-to-date: /home/ubuntu/ros2_ws/src/install/turtlesim/share/turtlesim/srv/Spawn.srv
[2.651s] -- Up-to-date: /home/ubuntu/ros2_ws/src/install/turtlesim/share/turtlesim/srv/Spawn_Request.msg
[2.651s] -- Up-to-date: /home/ubuntu/ros2_ws/src/install/turtlesim/share/turtlesim/srv/Spawn_Response.msg
[2.653s] -- Up-to-date: /home/ubuntu/ros2_ws/src/install/turtlesim/share/turtlesim/srv/TeleportAbsolute.srv
[2.654s] -- Up-to-date: /home/ubuntu/ros2_ws/src/install/turtlesim/share/turtlesim/srv/TeleportAbsolute_Request.msg
[2.654s] -- Up-to-date: /home/ubuntu/ros2_ws/src/install/turtlesim/share/turtlesim/srv/TeleportAbsolute_Response.msg
[2.655s] -- Up-to-date: /home/ubuntu/ros2_ws/src/install/turtlesim/share/turtlesim/srv/TeleportRelative.srv
[2.655s] -- Up-to-date: /home/ubuntu/ros2_ws/src/install/turtlesim/share/turtlesim/srv/TeleportRelative_Request.msg
[2.655s] -- Up-to-date: /home/ubuntu/ros2_ws/src/install/turtlesim/share/turtlesim/srv/TeleportRelative_Response.msg
[2.655s] -- Up-to-date: /home/ubuntu/ros2_ws/src/install/turtlesim/lib/turtlesim/turtlesim_node
[2.656s] -- Up-to-date: /home/ubuntu/ros2_ws/src/install/turtlesim/lib/turtlesim/turtle_teleop_key
[2.656s] -- Up-to-date: /home/ubuntu/ros2_ws/src/install/turtlesim/lib/turtlesim/draw_square
[2.656s] -- Up-to-date: /home/ubuntu/ros2_ws/src/install/turtlesim/lib/turtlesim/mimic
[2.657s] -- Up-to-date: /home/ubuntu/ros2_ws/src/install/turtlesim/share/turtlesim/images
[2.657s] -- Up-to-date: /home/ubuntu/ros2_ws/src/install/turtlesim/share/turtlesim/images/bouncy.png
[2.657s] -- Up-to-date: /home/ubuntu/ros2_ws/src/install/turtlesim/share/turtlesim/images/galactic.png
[2.657s] -- Up-to-date: /home/ubuntu/ros2_ws/src/install/turtlesim/share/turtlesim/images/rolling.png
[2.657s] -- Up-to-date: /home/ubuntu/ros2_ws/src/install/turtlesim/share/turtlesim/images/foxy.png
[2.657s] -- Up-to-date: /home/ubuntu/ros2_ws/src/install/turtlesim/share/turtlesim/images/humble.png
[2.657s] -- Up-to-date: /home/ubuntu/ros2_ws/src/install/turtlesim/share/turtlesim/images/ardent.png
[2.659s] -- Up-to-date: /home/ubuntu/ros2_ws/src/install/turtlesim/share/turtlesim/images/dashing.png
[2.659s] -- Up-to-date: /home/ubuntu/ros2_ws/src/install/turtlesim/share/turtlesim/images/eloquent.png
[2.659s] -- Up-to-date: /home/ubuntu/ros2_ws/src/install/turtlesim/share/turtlesim/images/crystal.png
[2.660s] -- Up-to-date: /home/ubuntu/ros2_ws/src/install/turtlesim/share/turtlesim/launch
[2.660s] -- Up-to-date: /home/ubuntu/ros2_ws/src/install/turtlesim/share/turtlesim/launch/multisim.launch.py
[2.661s] -- Up-to-date: /home/ubuntu/ros2_ws/src/install/turtlesim/share/ament_index/resource_index/package_run_dependencies/turtlesim
[2.661s] -- Up-to-date: /home/ubuntu/ros2_ws/src/install/turtlesim/share/ament_index/resource_index/parent_prefix_path/turtlesim
[2.661s] -- Up-to-date: /home/ubuntu/ros2_ws/src/install/turtlesim/share/turtlesim/environment/ament_prefix_path.sh
[2.662s] -- Up-to-date: /home/ubuntu/ros2_ws/src/install/turtlesim/share/turtlesim/environment/ament_prefix_path.dsv
[2.662s] -- Up-to-date: /home/ubuntu/ros2_ws/src/install/turtlesim/share/turtlesim/environment/path.sh
[2.662s] -- Up-to-date: /home/ubuntu/ros2_ws/src/install/turtlesim/share/turtlesim/environment/path.dsv
[2.662s] -- Up-to-date: /home/ubuntu/ros2_ws/src/install/turtlesim/share/turtlesim/local_setup.bash
[2.662s] -- Up-to-date: /home/ubuntu/ros2_ws/src/install/turtlesim/share/turtlesim/local_setup.sh
[2.662s] -- Up-to-date: /home/ubuntu/ros2_ws/src/install/turtlesim/share/turtlesim/local_setup.zsh
[2.662s] -- Up-to-date: /home/ubuntu/ros2_ws/src/install/turtlesim/share/turtlesim/local_setup.dsv
[2.663s] -- Installing: /home/ubuntu/ros2_ws/src/install/turtlesim/share/turtlesim/package.dsv
[2.664s] -- Up-to-date: /home/ubuntu/ros2_ws/src/install/turtlesim/share/ament_index/resource_index/packages/turtlesim
[2.664s] -- Up-to-date: /home/ubuntu/ros2_ws/src/install/turtlesim/share/turtlesim/cmake/export_turtlesim__rosidl_generator_cExport.cmake
[2.664s] -- Up-to-date: /home/ubuntu/ros2_ws/src/install/turtlesim/share/turtlesim/cmake/export_turtlesim__rosidl_generator_cExport-noconfig.cmake
[2.665s] -- Up-to-date: /home/ubuntu/ros2_ws/src/install/turtlesim/share/turtlesim/cmake/export_turtlesim__rosidl_typesupport_fastrtps_cExport.cmake
[2.665s] -- Up-to-date: /home/ubuntu/ros2_ws/src/install/turtlesim/share/turtlesim/cmake/export_turtlesim__rosidl_typesupport_fastrtps_cExport-noconfig.cmake
[2.665s] -- Up-to-date: /home/ubuntu/ros2_ws/src/install/turtlesim/share/turtlesim/cmake/export_turtlesim__rosidl_generator_cppExport.cmake
[2.665s] -- Up-to-date: /home/ubuntu/ros2_ws/src/install/turtlesim/share/turtlesim/cmake/export_turtlesim__rosidl_typesupport_fastrtps_cppExport.cmake
[2.665s] -- Up-to-date: /home/ubuntu/ros2_ws/src/install/turtlesim/share/turtlesim/cmake/export_turtlesim__rosidl_typesupport_fastrtps_cppExport-noconfig.cmake
[2.665s] -- Up-to-date: /home/ubuntu/ros2_ws/src/install/turtlesim/share/turtlesim/cmake/turtlesim__rosidl_typesupport_introspection_cExport.cmake
[2.665s] -- Up-to-date: /home/ubuntu/ros2_ws/src/install/turtlesim/share/turtlesim/cmake/turtlesim__rosidl_typesupport_introspection_cExport-noconfig.cmake
[2.666s] -- Up-to-date: /home/ubuntu/ros2_ws/src/install/turtlesim/share/turtlesim/cmake/turtlesim__rosidl_typesupport_cExport.cmake
[2.667s] -- Up-to-date: /home/ubuntu/ros2_ws/src/install/turtlesim/share/turtlesim/cmake/turtlesim__rosidl_typesupport_cExport-noconfig.cmake
[2.668s] -- Up-to-date: /home/ubuntu/ros2_ws/src/install/turtlesim/share/turtlesim/cmake/turtlesim__rosidl_typesupport_introspection_cppExport.cmake
[2.668s] -- Up-to-date: /home/ubuntu/ros2_ws/src/install/turtlesim/share/turtlesim/cmake/turtlesim__rosidl_typesupport_introspection_cppExport-noconfig.cmake
[2.668s] -- Up-to-date: /home/ubuntu/ros2_ws/src/install/turtlesim/share/turtlesim/cmake/turtlesim__rosidl_typesupport_cppExport.cmake
[2.669s] -- Up-to-date: /home/ubuntu/ros2_ws/src/install/turtlesim/share/turtlesim/cmake/turtlesim__rosidl_typesupport_cppExport-noconfig.cmake
[2.669s] -- Up-to-date: /home/ubuntu/ros2_ws/src/install/turtlesim/share/turtlesim/cmake/export_turtlesim__rosidl_generator_pyExport.cmake
[2.669s] -- Up-to-date: /home/ubuntu/ros2_ws/src/install/turtlesim/share/turtlesim/cmake/export_turtlesim__rosidl_generator_pyExport-noconfig.cmake
[2.669s] -- Up-to-date: /home/ubuntu/ros2_ws/src/install/turtlesim/share/turtlesim/cmake/rosidl_cmake-extras.cmake
[2.670s] -- Up-to-date: /home/ubuntu/ros2_ws/src/install/turtlesim/share/turtlesim/cmake/ament_cmake_export_dependencies-extras.cmake
[2.671s] -- Up-to-date: /home/ubuntu/ros2_ws/src/install/turtlesim/share/turtlesim/cmake/ament_cmake_export_include_directories-extras.cmake
[2.671s] -- Up-to-date: /home/ubuntu/ros2_ws/src/install/turtlesim/share/turtlesim/cmake/ament_cmake_export_libraries-extras.cmake
[2.671s] -- Up-to-date: /home/ubuntu/ros2_ws/src/install/turtlesim/share/turtlesim/cmake/ament_cmake_export_targets-extras.cmake
[2.671s] -- Up-to-date: /home/ubuntu/ros2_ws/src/install/turtlesim/share/turtlesim/cmake/rosidl_cmake_export_typesupport_targets-extras.cmake
[2.671s] -- Up-to-date: /home/ubuntu/ros2_ws/src/install/turtlesim/share/turtlesim/cmake/rosidl_cmake_export_typesupport_libraries-extras.cmake
[2.671s] -- Up-to-date: /home/ubuntu/ros2_ws/src/install/turtlesim/share/turtlesim/cmake/turtlesimConfig.cmake
[2.671s] -- Up-to-date: /home/ubuntu/ros2_ws/src/install/turtlesim/share/turtlesim/cmake/turtlesimConfig-version.cmake
[2.672s] -- Up-to-date: /home/ubuntu/ros2_ws/src/install/turtlesim/share/turtlesim/package.xml
[2.673s] Invoked command in '/home/ubuntu/ros2_ws/src/build/turtlesim' returned '0': CMAKE_PREFIX_PATH=${CMAKE_PREFIX_PATH}:/home/ubuntu/ros2_ws/src/install/tf2_workshop:/home/ubuntu/ros2_ws/src/install/py_pubsub:/home/ubuntu/ros2_ws/install/py_pubsub:/opt/ros/humble /usr/bin/cmake --install /home/ubuntu/ros2_ws/src/build/turtlesim
