[2.195s] Invoking command in '/home/ubuntu/ros2_ws/src/py_pubsub': PYTHONPATH=/home/ubuntu/ros2_ws/src/build/py_pubsub/prefix_override:/usr/lib/python3/dist-packages/colcon_core/task/python/colcon_distutils_commands:/home/ubuntu/ros2_ws/src/install/py_pubsub/lib/python3.10/site-packages:${PYTHONPATH} /usr/bin/python3 -W ignore:setup.py install is deprecated -W ignore:easy_install command is deprecated setup.py egg_info --egg-base ../build/py_pubsub build --build-base /home/ubuntu/ros2_ws/src/build/py_pubsub/build install --record /home/ubuntu/ros2_ws/src/build/py_pubsub/install.log --single-version-externally-managed install_data
[2.787s] running egg_info
[2.788s] writing ../build/py_pubsub/py_pubsub.egg-info/PKG-INFO
[2.789s] writing dependency_links to ../build/py_pubsub/py_pubsub.egg-info/dependency_links.txt
[2.790s] writing entry points to ../build/py_pubsub/py_pubsub.egg-info/entry_points.txt
[2.791s] writing requirements to ../build/py_pubsub/py_pubsub.egg-info/requires.txt
[2.791s] writing top-level names to ../build/py_pubsub/py_pubsub.egg-info/top_level.txt
[2.796s] reading manifest file '../build/py_pubsub/py_pubsub.egg-info/SOURCES.txt'
[2.797s] adding license file 'LICENSE'
[2.799s] writing manifest file '../build/py_pubsub/py_pubsub.egg-info/SOURCES.txt'
[2.799s] running build
[2.799s] running build_py
[2.800s] running install
[2.801s] running install_lib
[2.804s] running install_data
[2.805s] running install_egg_info
[2.809s] removing '/home/ubuntu/ros2_ws/src/install/py_pubsub/lib/python3.10/site-packages/py_pubsub-0.0.0-py3.10.egg-info' (and everything under it)
[2.810s] Copying ../build/py_pubsub/py_pubsub.egg-info to /home/ubuntu/ros2_ws/src/install/py_pubsub/lib/python3.10/site-packages/py_pubsub-0.0.0-py3.10.egg-info
[2.813s] running install_scripts
[2.865s] Installing listener script to /home/ubuntu/ros2_ws/src/install/py_pubsub/lib/py_pubsub
[2.865s] Installing talker script to /home/ubuntu/ros2_ws/src/install/py_pubsub/lib/py_pubsub
[2.866s] writing list of installed files to '/home/ubuntu/ros2_ws/src/build/py_pubsub/install.log'
[2.924s] Invoked command in '/home/ubuntu/ros2_ws/src/py_pubsub' returned '0': PYTHONPATH=/home/ubuntu/ros2_ws/src/build/py_pubsub/prefix_override:/usr/lib/python3/dist-packages/colcon_core/task/python/colcon_distutils_commands:/home/ubuntu/ros2_ws/src/install/py_pubsub/lib/python3.10/site-packages:${PYTHONPATH} /usr/bin/python3 -W ignore:setup.py install is deprecated -W ignore:easy_install command is deprecated setup.py egg_info --egg-base ../build/py_pubsub build --build-base /home/ubuntu/ros2_ws/src/build/py_pubsub/build install --record /home/ubuntu/ros2_ws/src/build/py_pubsub/install.log --single-version-externally-managed install_data
