[1.625s] Invoking command in '/home/ubuntu/ros2_ws/src/tf2_workshop': CMAKE_PREFIX_PATH=/home/ubuntu/ros2_ws/src/install/turtlesim:/home/ubuntu/ros2_ws/install/turtlesim LD_LIBRARY_PATH=/home/ubuntu/ros2_ws/src/install/turtlesim/lib:/home/ubuntu/ros2_ws/install/turtlesim/lib:/usr/lib/x86_64-linux-gnu/gazebo-11/plugins:/opt/ros/humble/opt/rviz_ogre_vendor/lib:/opt/ros/humble/lib/x86_64-linux-gnu:/opt/ros/humble/lib PYTHONPATH=/home/ubuntu/ros2_ws/src/build/tf2_workshop/prefix_override:/usr/lib/python3/dist-packages/colcon_core/task/python/colcon_distutils_commands:/home/ubuntu/ros2_ws/src/install/tf2_workshop/lib/python3.10/site-packages:${PYTHONPATH} /usr/bin/python3 -W ignore:setup.py install is deprecated -W ignore:easy_install command is deprecated setup.py egg_info --egg-base ../build/tf2_workshop build --build-base /home/ubuntu/ros2_ws/src/build/tf2_workshop/build install --record /home/ubuntu/ros2_ws/src/build/tf2_workshop/install.log --single-version-externally-managed install_data
[2.265s] running egg_info
[2.266s] writing ../build/tf2_workshop/tf2_workshop.egg-info/PKG-INFO
[2.267s] writing dependency_links to ../build/tf2_workshop/tf2_workshop.egg-info/dependency_links.txt
[2.268s] writing entry points to ../build/tf2_workshop/tf2_workshop.egg-info/entry_points.txt
[2.268s] writing requirements to ../build/tf2_workshop/tf2_workshop.egg-info/requires.txt
[2.268s] writing top-level names to ../build/tf2_workshop/tf2_workshop.egg-info/top_level.txt
[2.274s] reading manifest file '../build/tf2_workshop/tf2_workshop.egg-info/SOURCES.txt'
[2.275s] writing manifest file '../build/tf2_workshop/tf2_workshop.egg-info/SOURCES.txt'
[2.276s] running build
[2.276s] running build_py
[2.276s] running install
[2.277s] running install_lib
[2.280s] running install_data
[2.281s] copying package.xml -> /home/ubuntu/ros2_ws/src/install/tf2_workshop/share/tf2_workshop
[2.281s] running install_egg_info
[2.286s] removing '/home/ubuntu/ros2_ws/src/install/tf2_workshop/lib/python3.10/site-packages/tf2_workshop-0.0.0-py3.10.egg-info' (and everything under it)
[2.287s] Copying ../build/tf2_workshop/tf2_workshop.egg-info to /home/ubuntu/ros2_ws/src/install/tf2_workshop/lib/python3.10/site-packages/tf2_workshop-0.0.0-py3.10.egg-info
[2.290s] running install_scripts
[2.342s] Installing broadcaster script to /home/ubuntu/ros2_ws/src/install/tf2_workshop/lib/tf2_workshop
[2.343s] writing list of installed files to '/home/ubuntu/ros2_ws/src/build/tf2_workshop/install.log'
[2.400s] Invoked command in '/home/ubuntu/ros2_ws/src/tf2_workshop' returned '0': CMAKE_PREFIX_PATH=/home/ubuntu/ros2_ws/src/install/turtlesim:/home/ubuntu/ros2_ws/install/turtlesim LD_LIBRARY_PATH=/home/ubuntu/ros2_ws/src/install/turtlesim/lib:/home/ubuntu/ros2_ws/install/turtlesim/lib:/usr/lib/x86_64-linux-gnu/gazebo-11/plugins:/opt/ros/humble/opt/rviz_ogre_vendor/lib:/opt/ros/humble/lib/x86_64-linux-gnu:/opt/ros/humble/lib PYTHONPATH=/home/ubuntu/ros2_ws/src/build/tf2_workshop/prefix_override:/usr/lib/python3/dist-packages/colcon_core/task/python/colcon_distutils_commands:/home/ubuntu/ros2_ws/src/install/tf2_workshop/lib/python3.10/site-packages:${PYTHONPATH} /usr/bin/python3 -W ignore:setup.py install is deprecated -W ignore:easy_install command is deprecated setup.py egg_info --egg-base ../build/tf2_workshop build --build-base /home/ubuntu/ros2_ws/src/build/tf2_workshop/build install --record /home/ubuntu/ros2_ws/src/build/tf2_workshop/install.log --single-version-externally-managed install_data
