running egg_info
creating ../build/tf2_workshop/tf2_workshop.egg-info
writing ../build/tf2_workshop/tf2_workshop.egg-info/PKG-INFO
writing dependency_links to ../build/tf2_workshop/tf2_workshop.egg-info/dependency_links.txt
writing entry points to ../build/tf2_workshop/tf2_workshop.egg-info/entry_points.txt
writing requirements to ../build/tf2_workshop/tf2_workshop.egg-info/requires.txt
writing top-level names to ../build/tf2_workshop/tf2_workshop.egg-info/top_level.txt
writing manifest file '../build/tf2_workshop/tf2_workshop.egg-info/SOURCES.txt'
reading manifest file '../build/tf2_workshop/tf2_workshop.egg-info/SOURCES.txt'
writing manifest file '../build/tf2_workshop/tf2_workshop.egg-info/SOURCES.txt'
running build
running build_py
creating /home/ubuntu/ros2_ws/src/build/tf2_workshop/build
creating /home/ubuntu/ros2_ws/src/build/tf2_workshop/build/lib
creating /home/ubuntu/ros2_ws/src/build/tf2_workshop/build/lib/tf2_workshop
copying tf2_workshop/broadcaster.py -> /home/ubuntu/ros2_ws/src/build/tf2_workshop/build/lib/tf2_workshop
copying tf2_workshop/__init__.py -> /home/ubuntu/ros2_ws/src/build/tf2_workshop/build/lib/tf2_workshop
running install
running install_lib
creating /home/ubuntu/ros2_ws/src/install/tf2_workshop/lib/python3.10/site-packages/tf2_workshop
copying /home/ubuntu/ros2_ws/src/build/tf2_workshop/build/lib/tf2_workshop/broadcaster.py -> /home/ubuntu/ros2_ws/src/install/tf2_workshop/lib/python3.10/site-packages/tf2_workshop
copying /home/ubuntu/ros2_ws/src/build/tf2_workshop/build/lib/tf2_workshop/__init__.py -> /home/ubuntu/ros2_ws/src/install/tf2_workshop/lib/python3.10/site-packages/tf2_workshop
byte-compiling /home/ubuntu/ros2_ws/src/install/tf2_workshop/lib/python3.10/site-packages/tf2_workshop/broadcaster.py to broadcaster.cpython-310.pyc
byte-compiling /home/ubuntu/ros2_ws/src/install/tf2_workshop/lib/python3.10/site-packages/tf2_workshop/__init__.py to __init__.cpython-310.pyc
running install_data
creating /home/ubuntu/ros2_ws/src/install/tf2_workshop/share/ament_index
creating /home/ubuntu/ros2_ws/src/install/tf2_workshop/share/ament_index/resource_index
creating /home/ubuntu/ros2_ws/src/install/tf2_workshop/share/ament_index/resource_index/packages
copying resource/tf2_workshop -> /home/ubuntu/ros2_ws/src/install/tf2_workshop/share/ament_index/resource_index/packages
copying package.xml -> /home/ubuntu/ros2_ws/src/install/tf2_workshop/share/tf2_workshop
running install_egg_info
Copying ../build/tf2_workshop/tf2_workshop.egg-info to /home/ubuntu/ros2_ws/src/install/tf2_workshop/lib/python3.10/site-packages/tf2_workshop-0.0.0-py3.10.egg-info
running install_scripts
Installing broadcaster script to /home/ubuntu/ros2_ws/src/install/tf2_workshop/lib/tf2_workshop
writing list of installed files to '/home/ubuntu/ros2_ws/src/build/tf2_workshop/install.log'
