[2.268s] Invoking command in '/home/ubuntu/ros2_ws/src/tf2_workshop': PYTHONPATH=/home/ubuntu/ros2_ws/src/build/tf2_workshop/prefix_override:/usr/lib/python3/dist-packages/colcon_core/task/python/colcon_distutils_commands:/home/ubuntu/ros2_ws/src/install/tf2_workshop/lib/python3.10/site-packages:${PYTHONPATH} /usr/bin/python3 -W ignore:setup.py install is deprecated -W ignore:easy_install command is deprecated setup.py egg_info --egg-base ../build/tf2_workshop build --build-base /home/ubuntu/ros2_ws/src/build/tf2_workshop/build install --record /home/ubuntu/ros2_ws/src/build/tf2_workshop/install.log --single-version-externally-managed install_data
[2.902s] running egg_info
[2.903s] writing ../build/tf2_workshop/tf2_workshop.egg-info/PKG-INFO
[2.904s] writing dependency_links to ../build/tf2_workshop/tf2_workshop.egg-info/dependency_links.txt
[2.905s] writing entry points to ../build/tf2_workshop/tf2_workshop.egg-info/entry_points.txt
[2.905s] writing requirements to ../build/tf2_workshop/tf2_workshop.egg-info/requires.txt
[2.905s] writing top-level names to ../build/tf2_workshop/tf2_workshop.egg-info/top_level.txt
[2.908s] reading manifest file '../build/tf2_workshop/tf2_workshop.egg-info/SOURCES.txt'
[2.911s] writing manifest file '../build/tf2_workshop/tf2_workshop.egg-info/SOURCES.txt'
[2.911s] running build
[2.912s] running build_py
[2.913s] running install
[2.913s] running install_lib
[2.913s] running install_data
[2.914s] copying package.xml -> /home/ubuntu/ros2_ws/src/install/tf2_workshop/share/tf2_workshop
[2.914s] running install_egg_info
[2.918s] removing '/home/ubuntu/ros2_ws/src/install/tf2_workshop/lib/python3.10/site-packages/tf2_workshop-0.0.0-py3.10.egg-info' (and everything under it)
[2.919s] Copying ../build/tf2_workshop/tf2_workshop.egg-info to /home/ubuntu/ros2_ws/src/install/tf2_workshop/lib/python3.10/site-packages/tf2_workshop-0.0.0-py3.10.egg-info
[2.919s] running install_scripts
[2.965s] Installing broadcaster script to /home/ubuntu/ros2_ws/src/install/tf2_workshop/lib/tf2_workshop
[2.966s] writing list of installed files to '/home/ubuntu/ros2_ws/src/build/tf2_workshop/install.log'
[3.035s] Invoked command in '/home/ubuntu/ros2_ws/src/tf2_workshop' returned '0': PYTHONPATH=/home/ubuntu/ros2_ws/src/build/tf2_workshop/prefix_override:/usr/lib/python3/dist-packages/colcon_core/task/python/colcon_distutils_commands:/home/ubuntu/ros2_ws/src/install/tf2_workshop/lib/python3.10/site-packages:${PYTHONPATH} /usr/bin/python3 -W ignore:setup.py install is deprecated -W ignore:easy_install command is deprecated setup.py egg_info --egg-base ../build/tf2_workshop build --build-base /home/ubuntu/ros2_ws/src/build/tf2_workshop/build install --record /home/ubuntu/ros2_ws/src/build/tf2_workshop/install.log --single-version-externally-managed install_data
