[1.725s] Invoking command in '/home/ubuntu/ros2_ws/src/py_pubsub': PYTHONPATH=/home/ubuntu/ros2_ws/src/build/py_pubsub/prefix_override:/usr/lib/python3/dist-packages/colcon_core/task/python/colcon_distutils_commands:/home/ubuntu/ros2_ws/src/install/py_pubsub/lib/python3.10/site-packages:${PYTHONPATH} /usr/bin/python3 -W ignore:setup.py install is deprecated -W ignore:easy_install command is deprecated setup.py egg_info --egg-base ../build/py_pubsub build --build-base /home/ubuntu/ros2_ws/src/build/py_pubsub/build install --record /home/ubuntu/ros2_ws/src/build/py_pubsub/install.log --single-version-externally-managed install_data
[2.402s] running egg_info
[2.404s] writing ../build/py_pubsub/py_pubsub.egg-info/PKG-INFO
[2.404s] writing dependency_links to ../build/py_pubsub/py_pubsub.egg-info/dependency_links.txt
[2.405s] writing entry points to ../build/py_pubsub/py_pubsub.egg-info/entry_points.txt
[2.405s] writing requirements to ../build/py_pubsub/py_pubsub.egg-info/requires.txt
[2.406s] writing top-level names to ../build/py_pubsub/py_pubsub.egg-info/top_level.txt
[2.410s] reading manifest file '../build/py_pubsub/py_pubsub.egg-info/SOURCES.txt'
[2.411s] adding license file 'LICENSE'
[2.412s] writing manifest file '../build/py_pubsub/py_pubsub.egg-info/SOURCES.txt'
[2.413s] running build
[2.413s] running build_py
[2.414s] running install
[2.414s] running install_lib
[2.417s] running install_data
[2.418s] running install_egg_info
[2.422s] removing '/home/ubuntu/ros2_ws/src/install/py_pubsub/lib/python3.10/site-packages/py_pubsub-0.0.0-py3.10.egg-info' (and everything under it)
[2.423s] Copying ../build/py_pubsub/py_pubsub.egg-info to /home/ubuntu/ros2_ws/src/install/py_pubsub/lib/python3.10/site-packages/py_pubsub-0.0.0-py3.10.egg-info
[2.427s] running install_scripts
[2.481s] Installing listener script to /home/ubuntu/ros2_ws/src/install/py_pubsub/lib/py_pubsub
[2.482s] Installing talker script to /home/ubuntu/ros2_ws/src/install/py_pubsub/lib/py_pubsub
[2.483s] writing list of installed files to '/home/ubuntu/ros2_ws/src/build/py_pubsub/install.log'
[2.547s] Invoked command in '/home/ubuntu/ros2_ws/src/py_pubsub' returned '0': PYTHONPATH=/home/ubuntu/ros2_ws/src/build/py_pubsub/prefix_override:/usr/lib/python3/dist-packages/colcon_core/task/python/colcon_distutils_commands:/home/ubuntu/ros2_ws/src/install/py_pubsub/lib/python3.10/site-packages:${PYTHONPATH} /usr/bin/python3 -W ignore:setup.py install is deprecated -W ignore:easy_install command is deprecated setup.py egg_info --egg-base ../build/py_pubsub build --build-base /home/ubuntu/ros2_ws/src/build/py_pubsub/build install --record /home/ubuntu/ros2_ws/src/build/py_pubsub/install.log --single-version-externally-managed install_data
