running egg_info
writing ../build/tf2_workshop/tf2_workshop.egg-info/PKG-INFO
writing dependency_links to ../build/tf2_workshop/tf2_workshop.egg-info/dependency_links.txt
writing entry points to ../build/tf2_workshop/tf2_workshop.egg-info/entry_points.txt
writing requirements to ../build/tf2_workshop/tf2_workshop.egg-info/requires.txt
writing top-level names to ../build/tf2_workshop/tf2_workshop.egg-info/top_level.txt
reading manifest file '../build/tf2_workshop/tf2_workshop.egg-info/SOURCES.txt'
writing manifest file '../build/tf2_workshop/tf2_workshop.egg-info/SOURCES.txt'
running build
running build_py
copying tf2_workshop/listener.py -> /home/ubuntu/ros2_ws/src/build/tf2_workshop/build/lib/tf2_workshop
copying tf2_workshop/broadcaster.py -> /home/ubuntu/ros2_ws/src/build/tf2_workshop/build/lib/tf2_workshop
running install
running install_lib
copying /home/ubuntu/ros2_ws/src/build/tf2_workshop/build/lib/tf2_workshop/listener.py -> /home/ubuntu/ros2_ws/src/install/tf2_workshop/lib/python3.10/site-packages/tf2_workshop
copying /home/ubuntu/ros2_ws/src/build/tf2_workshop/build/lib/tf2_workshop/broadcaster.py -> /home/ubuntu/ros2_ws/src/install/tf2_workshop/lib/python3.10/site-packages/tf2_workshop
byte-compiling /home/ubuntu/ros2_ws/src/install/tf2_workshop/lib/python3.10/site-packages/tf2_workshop/listener.py to listener.cpython-310.pyc
byte-compiling /home/ubuntu/ros2_ws/src/install/tf2_workshop/lib/python3.10/site-packages/tf2_workshop/broadcaster.py to broadcaster.cpython-310.pyc
running install_data
running install_egg_info
removing '/home/ubuntu/ros2_ws/src/install/tf2_workshop/lib/python3.10/site-packages/tf2_workshop-0.0.0-py3.10.egg-info' (and everything under it)
Copying ../build/tf2_workshop/tf2_workshop.egg-info to /home/ubuntu/ros2_ws/src/install/tf2_workshop/lib/python3.10/site-packages/tf2_workshop-0.0.0-py3.10.egg-info
running install_scripts
Installing broadcaster script to /home/ubuntu/ros2_ws/src/install/tf2_workshop/lib/tf2_workshop
writing list of installed files to '/home/ubuntu/ros2_ws/src/build/tf2_workshop/install.log'
